2024-10-21 18:28:58,431 INFO: Consumer initialized.
2024-10-21 18:28:58,439 INFO: Consumer initialized.
2024-10-21 18:28:58,439 WARNING: Unhandled request type: delete
2024-10-21 18:28:58,440 INFO: DynamoDBClient initialized for table: test-table
2024-10-21 18:28:58,440 INFO: Saved widget 123 in DynamoDB
2024-10-21 18:28:58,441 INFO: S3Client initialized for bucket: test-bucket
2024-10-21 18:28:58,442 INFO: Found widget request: some-key
2024-10-21 18:28:58,442 INFO: Processed and deleted widget request: some-key
2024-10-21 18:28:58,443 INFO: S3Client initialized for bucket: test-bucket
2024-10-21 18:28:58,443 INFO: No more widget requests found in the bucket.
2024-10-21 18:30:58,714 INFO: Consumer initialized.
2024-10-21 18:30:58,718 INFO: Consumer initialized.
2024-10-21 18:30:58,718 INFO: Processing create request for widget: 123, owner: john-doe
2024-10-21 18:30:58,718 INFO: Successfully processed widget creation: 123
2024-10-21 18:30:58,720 INFO: DynamoDBClient initialized for table: test-table
2024-10-21 18:30:58,720 INFO: Saved widget 123 in DynamoDB
2024-10-21 18:30:58,721 INFO: S3Client initialized for bucket: test-bucket
2024-10-21 18:30:58,722 INFO: Found widget request: some-key
2024-10-21 18:30:58,722 INFO: Processed and deleted widget request: some-key
2024-10-21 18:30:58,723 INFO: S3Client initialized for bucket: test-bucket
2024-10-21 18:30:58,723 INFO: No more widget requests found in the bucket.
2024-10-21 18:33:41,486 INFO: Consumer initialized.
2024-10-21 18:33:41,489 INFO: Consumer initialized.
2024-10-21 18:33:41,491 INFO: Consumer initialized.
